This is XeTeX, Version 3.141592653-2.6-0.999996 (TeX Live 2024) (preloaded format=xelatex 2024.10.15)  9 DEC 2024 23:57
entering extended mode
 restricted \write18 enabled.
 %&-line parsing enabled.
**index.tex
(./index.tex
LaTeX2e <2023-11-01> patch level 1
L3 programming layer <2024-02-20>
(./agujournal2019.cls
Document Class: agujournal2019 01/14/2019
(/usr/local/texlive/2024/texmf-dist/tex/latex/graphics/graphicx.sty
Package: graphicx 2021/09/16 v1.2d Enhanced LaTeX Graphics (DPC,SPQR)
(/usr/local/texlive/2024/texmf-dist/tex/latex/graphics/keyval.sty
Package: keyval 2022/05/29 v1.15 key=value parser (DPC)
\KV@toks@=\toks17
) (/usr/local/texlive/2024/texmf-dist/tex/latex/graphics/graphics.sty
Package: graphics 2022/03/10 v1.4e Standard LaTeX Graphics (DPC,SPQR)
(/usr/local/texlive/2024/texmf-dist/tex/latex/graphics/trig.sty
Package: trig 2021/08/11 v1.11 sin cos tan (DPC)
) (/usr/local/texlive/2024/texmf-dist/tex/latex/graphics-cfg/graphics.cfg
File: graphics.cfg 2016/06/04 v1.11 sample graphics configuration
)
Package graphics Info: Driver file: xetex.def on input line 107.
(/usr/local/texlive/2024/texmf-dist/tex/latex/graphics-def/xetex.def
File: xetex.def 2022/09/22 v5.0n Graphics/color driver for xetex
))
\Gin@req@height=\dimen140
\Gin@req@width=\dimen141
) (/usr/local/texlive/2024/texmf-dist/tex/latex/xcolor/xcolor.sty
Package: xcolor 2023/11/15 v3.01 LaTeX color extensions (UK)
(/usr/local/texlive/2024/texmf-dist/tex/latex/graphics-cfg/color.cfg
File: color.cfg 2016/01/02 v1.6 sample color configuration
)
Package xcolor Info: Driver file: xetex.def on input line 274.
(/usr/local/texlive/2024/texmf-dist/tex/latex/graphics/mathcolor.ltx)
Package xcolor Info: Model `cmy' substituted by `cmy0' on input line 1350.
Package xcolor Info: Model `RGB' extended on input line 1366.
Package xcolor Info: Model `HTML' substituted by `rgb' on input line 1368.
Package xcolor Info: Model `Hsb' substituted by `hsb' on input line 1369.
Package xcolor Info: Model `tHsb' substituted by `hsb' on input line 1370.
Package xcolor Info: Model `HSB' substituted by `hsb' on input line 1371.
Package xcolor Info: Model `Gray' substituted by `gray' on input line 1372.
Package xcolor Info: Model `wave' substituted by `hsb' on input line 1373.
) (/usr/local/texlive/2024/texmf-dist/tex/latex/graphics/dvipsnam.def
File: dvipsnam.def 2016/06/17 v3.0m Driver-dependent file (DPC,SPQR)
) (/usr/local/texlive/2024/texmf-dist/tex/latex/xcolor/svgnam.def
File: svgnam.def 2023/11/15 v3.01 Predefined colors according to SVG 1.1 (UK)
) (/usr/local/texlive/2024/texmf-dist/tex/latex/xcolor/x11nam.def
File: x11nam.def 2023/11/15 v3.01 Predefined colors according to Unix/X11 (UK)
) (/usr/local/texlive/2024/texmf-dist/tex/latex/url/url.sty
\Urlmuskip=\muskip16
Package: url 2013/09/16  ver 3.4  Verb mode for urls, etc.
) (/usr/local/texlive/2024/texmf-dist/tex/latex/lineno/lineno.sty
Package: lineno 2023/05/20 line numbers on paragraphs v5.3
(/usr/local/texlive/2024/texmf-dist/tex/latex/etoolbox/etoolbox.sty
Package: etoolbox 2020/10/05 v2.5k e-TeX tools for LaTeX (JAW)
\etb@tempcnta=\count184
)
Invalid UTF-8 byte or sequence at line 292 replaced by U+FFFD.
(/usr/local/texlive/2024/texmf-dist/tex/latex/kvoptions/kvoptions.sty
Package: kvoptions 2022-06-15 v3.15 Key value format for package options (HO)
(/usr/local/texlive/2024/texmf-dist/tex/generic/ltxcmds/ltxcmds.sty
Package: ltxcmds 2023-12-04 v1.26 LaTeX kernel commands for general use (HO)
) (/usr/local/texlive/2024/texmf-dist/tex/latex/kvsetkeys/kvsetkeys.sty
Package: kvsetkeys 2022-10-05 v1.19 Key value parser (HO)
))
\linenopenalty=\count185
\output=\toks18
\linenoprevgraf=\count186
\linenumbersep=\dimen142
\linenumberwidth=\dimen143
\c@linenumber=\count187
\c@pagewiselinenumber=\count188
\c@LN@truepage=\count189
\c@internallinenumber=\count190
\c@internallinenumbers=\count191
\quotelinenumbersep=\dimen144
\bframerule=\dimen145
\bframesep=\dimen146
\bframebox=\box51
LaTeX Info: Redefining \\ on input line 3180.
) (/usr/local/texlive/2024/texmf-dist/tex/latex/tools/indentfirst.sty
Package: indentfirst 2023/07/02 v1.03 Indent first paragraph (DPC)
) (/usr/local/texlive/2024/texmf-dist/tex/latex/ragged2e/ragged2e.sty
Package: ragged2e 2023/06/22 v3.6 ragged2e Package
\CenteringLeftskip=\skip48
\RaggedLeftLeftskip=\skip49
\RaggedRightLeftskip=\skip50
\CenteringRightskip=\skip51
\RaggedLeftRightskip=\skip52
\RaggedRightRightskip=\skip53
\CenteringParfillskip=\skip54
\RaggedLeftParfillskip=\skip55
\RaggedRightParfillskip=\skip56
\JustifyingParfillskip=\skip57
\CenteringParindent=\skip58
\RaggedLeftParindent=\skip59
\RaggedRightParindent=\skip60
\JustifyingParindent=\skip61
) (/usr/local/texlive/2024/texmf-dist/tex/latex/graphics/rotating.sty
Package: rotating 2016/08/11 v2.16d rotated objects in LaTeX
(/usr/local/texlive/2024/texmf-dist/tex/latex/base/ifthen.sty
Package: ifthen 2022/04/13 v1.1d Standard LaTeX ifthen package (DPC)
)
\c@r@tfl@t=\count192
\rotFPtop=\skip62
\rotFPbot=\skip63
\rot@float@box=\box52
\rot@mess@toks=\toks19
)
\draftskip=\count193
\c@section=\count194
\c@subsection=\count195
\c@subsubsection=\count196
\c@paragraph=\count197
\c@subparagraph=\count198
\c@figure=\count199
\c@table=\count266
\abovecaptionskip=\skip64
\belowcaptionskip=\skip65
\c@appendnum=\count267
\bibindent=\dimen147
(/usr/local/texlive/2024/texmf-dist/tex/latex/apacite/apacite.sty
Package: apacite 2013/07/21 v6.03 APA citation
\c@BibCnt=\count268
\bibleftmargin=\skip66
\bibindent=\skip67
\bibparsep=\skip68
\bibitemsep=\skip69
\biblabelsep=\skip70
)) (/usr/local/texlive/2024/texmf-dist/tex/latex/amsmath/amsmath.sty
Package: amsmath 2023/05/13 v2.17o AMS math features
\@mathmargin=\skip71
For additional information on amsmath, use the `?' option.
(/usr/local/texlive/2024/texmf-dist/tex/latex/amsmath/amstext.sty
Package: amstext 2021/08/26 v2.01 AMS text
(/usr/local/texlive/2024/texmf-dist/tex/latex/amsmath/amsgen.sty
File: amsgen.sty 1999/11/30 v2.0 generic functions
\@emptytoks=\toks20
\ex@=\dimen148
)) (/usr/local/texlive/2024/texmf-dist/tex/latex/amsmath/amsbsy.sty
Package: amsbsy 1999/11/29 v1.2d Bold Symbols
\pmbraise@=\dimen149
) (/usr/local/texlive/2024/texmf-dist/tex/latex/amsmath/amsopn.sty
Package: amsopn 2022/04/08 v2.04 operator names
)
\inf@bad=\count269
LaTeX Info: Redefining \frac on input line 234.
\uproot@=\count270
\leftroot@=\count271
LaTeX Info: Redefining \overline on input line 399.
LaTeX Info: Redefining \colon on input line 410.
\classnum@=\count272
\DOTSCASE@=\count273
LaTeX Info: Redefining \ldots on input line 496.
LaTeX Info: Redefining \dots on input line 499.
LaTeX Info: Redefining \cdots on input line 620.
\Mathstrutbox@=\box53
\strutbox@=\box54
LaTeX Info: Redefining \big on input line 722.
LaTeX Info: Redefining \Big on input line 723.
LaTeX Info: Redefining \bigg on input line 724.
LaTeX Info: Redefining \Bigg on input line 725.
\big@size=\dimen150
LaTeX Font Info:    Redeclaring font encoding OML on input line 743.
LaTeX Font Info:    Redeclaring font encoding OMS on input line 744.
\macc@depth=\count274
LaTeX Info: Redefining \bmod on input line 905.
LaTeX Info: Redefining \pmod on input line 910.
LaTeX Info: Redefining \smash on input line 940.
LaTeX Info: Redefining \relbar on input line 970.
LaTeX Info: Redefining \Relbar on input line 971.
\c@MaxMatrixCols=\count275
\dotsspace@=\muskip17
\c@parentequation=\count276
\dspbrk@lvl=\count277
\tag@help=\toks21
\row@=\count278
\column@=\count279
\maxfields@=\count280
\andhelp@=\toks22
\eqnshift@=\dimen151
\alignsep@=\dimen152
\tagshift@=\dimen153
\tagwidth@=\dimen154
\totwidth@=\dimen155
\lineht@=\dimen156
\@envbody=\toks23
\multlinegap=\skip72
\multlinetaggap=\skip73
\mathdisplay@stack=\toks24
LaTeX Info: Redefining \[ on input line 2953.
LaTeX Info: Redefining \] on input line 2954.
)
\linenoamsmath@ams@eqpen=\count281
(/usr/local/texlive/2024/texmf-dist/tex/latex/amsfonts/amssymb.sty
Package: amssymb 2013/01/14 v3.01 AMS font symbols
(/usr/local/texlive/2024/texmf-dist/tex/latex/amsfonts/amsfonts.sty
Package: amsfonts 2013/01/14 v3.01 Basic AMSFonts support
\symAMSa=\mathgroup4
\symAMSb=\mathgroup5
LaTeX Font Info:    Redeclaring math symbol \hbar on input line 98.
LaTeX Font Info:    Overwriting math alphabet `\mathfrak' in version `bold'
(Font)                  U/euf/m/n --> U/euf/b/n on input line 106.
)) (/usr/local/texlive/2024/texmf-dist/tex/generic/iftex/iftex.sty
Package: iftex 2022/02/03 v1.0f TeX engine tests
) (/usr/local/texlive/2024/texmf-dist/tex/latex/unicode-math/unicode-math.sty (
/usr/local/texlive/2024/texmf-dist/tex/latex/l3kernel/expl3.sty
Package: expl3 2024-02-20 L3 programming layer (loader) 
(/usr/local/texlive/2024/texmf-dist/tex/latex/l3backend/l3backend-xetex.def
File: l3backend-xetex.def 2024-02-20 L3 backend support: XeTeX
\g__graphics_track_int=\count282
\l__pdf_internal_box=\box55
\g__pdf_backend_object_int=\count283
\g__pdf_backend_annotation_int=\count284
\g__pdf_backend_link_int=\count285
))
Package: unicode-math 2023/08/13 v0.8r Unicode maths in XeLaTeX and LuaLaTeX

(/usr/local/texlive/2024/texmf-dist/tex/latex/unicode-math/unicode-math-xetex.s
ty
Package: unicode-math-xetex 2023/08/13 v0.8r Unicode maths in XeLaTeX and LuaLa
TeX
(/usr/local/texlive/2024/texmf-dist/tex/latex/l3packages/xparse/xparse.sty
Package: xparse 2024-02-18 L3 Experimental document command parser
) (/usr/local/texlive/2024/texmf-dist/tex/latex/l3packages/l3keys2e/l3keys2e.st
y
Package: l3keys2e 2024-02-18 LaTeX2e option processing using LaTeX3 keys
) (/usr/local/texlive/2024/texmf-dist/tex/latex/fontspec/fontspec.sty
Package: fontspec 2024/02/13 v2.9a Font selection for XeLaTeX and LuaLaTeX
(/usr/local/texlive/2024/texmf-dist/tex/latex/fontspec/fontspec-xetex.sty
Package: fontspec-xetex 2024/02/13 v2.9a Font selection for XeLaTeX and LuaLaTe
X
\l__fontspec_script_int=\count286
\l__fontspec_language_int=\count287
\l__fontspec_strnum_int=\count288
\l__fontspec_tmp_int=\count289
\l__fontspec_tmpa_int=\count290
\l__fontspec_tmpb_int=\count291
\l__fontspec_tmpc_int=\count292
\l__fontspec_em_int=\count293
\l__fontspec_emdef_int=\count294
\l__fontspec_strong_int=\count295
\l__fontspec_strongdef_int=\count296
\l__fontspec_tmpa_dim=\dimen157
\l__fontspec_tmpb_dim=\dimen158
\l__fontspec_tmpc_dim=\dimen159
(/usr/local/texlive/2024/texmf-dist/tex/latex/base/fontenc.sty
Package: fontenc 2021/04/29 v2.0v Standard LaTeX package
) (/usr/local/texlive/2024/texmf-dist/tex/latex/fontspec/fontspec.cfg))) (/usr/
local/texlive/2024/texmf-dist/tex/latex/base/fix-cm.sty
Package: fix-cm 2020/11/24 v1.1t fixes to LaTeX
(/usr/local/texlive/2024/texmf-dist/tex/latex/base/ts1enc.def
File: ts1enc.def 2001/06/05 v3.0e (jk/car/fm) Standard LaTeX file
LaTeX Font Info:    Redeclaring font encoding TS1 on input line 47.
))
\g__um_fam_int=\count297
\g__um_fonts_used_int=\count298
\l__um_primecount_int=\count299
\g__um_primekern_muskip=\muskip18

(/usr/local/texlive/2024/texmf-dist/tex/latex/unicode-math/unicode-math-table.t
ex))) (/usr/local/texlive/2024/texmf-dist/tex/latex/lm/lmodern.sty
Package: lmodern 2015/05/01 v1.6.1 Latin Modern Fonts
LaTeX Font Info:    Overwriting symbol font `operators' in version `normal'
(Font)                  OT1/cmr/m/n --> OT1/lmr/m/n on input line 22.
LaTeX Font Info:    Overwriting symbol font `letters' in version `normal'
(Font)                  OML/cmm/m/it --> OML/lmm/m/it on input line 23.
LaTeX Font Info:    Overwriting symbol font `symbols' in version `normal'
(Font)                  OMS/cmsy/m/n --> OMS/lmsy/m/n on input line 24.
LaTeX Font Info:    Overwriting symbol font `largesymbols' in version `normal'
(Font)                  OMX/cmex/m/n --> OMX/lmex/m/n on input line 25.
LaTeX Font Info:    Overwriting symbol font `operators' in version `bold'
(Font)                  OT1/cmr/bx/n --> OT1/lmr/bx/n on input line 26.
LaTeX Font Info:    Overwriting symbol font `letters' in version `bold'
(Font)                  OML/cmm/b/it --> OML/lmm/b/it on input line 27.
LaTeX Font Info:    Overwriting symbol font `symbols' in version `bold'
(Font)                  OMS/cmsy/b/n --> OMS/lmsy/b/n on input line 28.
LaTeX Font Info:    Overwriting symbol font `largesymbols' in version `bold'
(Font)                  OMX/cmex/m/n --> OMX/lmex/m/n on input line 29.
LaTeX Font Info:    Overwriting math alphabet `\mathbf' in version `normal'
(Font)                  OT1/cmr/bx/n --> OT1/lmr/bx/n on input line 31.
LaTeX Font Info:    Overwriting math alphabet `\mathsf' in version `normal'
(Font)                  OT1/cmss/m/n --> OT1/lmss/m/n on input line 32.
LaTeX Font Info:    Overwriting math alphabet `\mathit' in version `normal'
(Font)                  OT1/cmr/m/it --> OT1/lmr/m/it on input line 33.
LaTeX Font Info:    Overwriting math alphabet `\mathtt' in version `normal'
(Font)                  OT1/cmtt/m/n --> OT1/lmtt/m/n on input line 34.
LaTeX Font Info:    Overwriting math alphabet `\mathbf' in version `bold'
(Font)                  OT1/cmr/bx/n --> OT1/lmr/bx/n on input line 35.
LaTeX Font Info:    Overwriting math alphabet `\mathsf' in version `bold'
(Font)                  OT1/cmss/bx/n --> OT1/lmss/bx/n on input line 36.
LaTeX Font Info:    Overwriting math alphabet `\mathit' in version `bold'
(Font)                  OT1/cmr/bx/it --> OT1/lmr/bx/it on input line 37.
LaTeX Font Info:    Overwriting math alphabet `\mathtt' in version `bold'
(Font)                  OT1/cmtt/m/n --> OT1/lmtt/m/n on input line 38.
) (/usr/local/texlive/2024/texmf-dist/tex/latex/upquote/upquote.sty
Package: upquote 2012/04/19 v1.3 upright-quote and grave-accent glyphs in verba
tim
(/usr/local/texlive/2024/texmf-dist/tex/latex/base/textcomp.sty
Package: textcomp 2020/02/02 v2.0n Standard LaTeX package
)) (/usr/local/texlive/2024/texmf-dist/tex/latex/microtype/microtype.sty
Package: microtype 2023/03/13 v3.1a Micro-typographical refinements (RS)
\MT@toks=\toks25
\MT@tempbox=\box56
\MT@count=\count300
LaTeX Info: Redefining \noprotrusionifhmode on input line 1059.
LaTeX Info: Redefining \leftprotrusion on input line 1060.
\MT@prot@toks=\toks26
LaTeX Info: Redefining \rightprotrusion on input line 1078.
LaTeX Info: Redefining \textls on input line 1368.
\MT@outer@kern=\dimen160
LaTeX Info: Redefining \textmicrotypecontext on input line 1988.
\MT@listname@count=\count301
(/usr/local/texlive/2024/texmf-dist/tex/latex/microtype/microtype-xetex.def
File: microtype-xetex.def 2023/03/13 v3.1a Definitions specific to xetex (RS)
LaTeX Info: Redefining \lsstyle on input line 238.
)
Package microtype Info: Loading configuration file microtype.cfg.
(/usr/local/texlive/2024/texmf-dist/tex/latex/microtype/microtype.cfg
File: microtype.cfg 2023/03/13 v3.1a microtype main configuration file (RS)
)) (/usr/local/texlive/2024/texmf-dist/tex/latex/parskip/parskip.sty
Package: parskip 2021-03-14 v2.0h non-zero parskip adjustments
) (/usr/local/texlive/2024/texmf-dist/tex/latex/tools/longtable.sty
Package: longtable 2023-11-01 v4.19 Multi-page Table package (DPC)
\LTleft=\skip74
\LTright=\skip75
\LTpre=\skip76
\LTpost=\skip77
\LTchunksize=\count302
\LTcapwidth=\dimen161
\LT@head=\box57
\LT@firsthead=\box58
\LT@foot=\box59
\LT@lastfoot=\box60
\LT@gbox=\box61
\LT@cols=\count303
\LT@rows=\count304
\c@LT@tables=\count305
\c@LT@chunks=\count306
\LT@p@ftn=\toks27
) (/usr/local/texlive/2024/texmf-dist/tex/latex/booktabs/booktabs.sty
Package: booktabs 2020/01/12 v1.61803398 Publication quality tables
\heavyrulewidth=\dimen162
\lightrulewidth=\dimen163
\cmidrulewidth=\dimen164
\belowrulesep=\dimen165
\belowbottomsep=\dimen166
\aboverulesep=\dimen167
\abovetopsep=\dimen168
\cmidrulesep=\dimen169
\cmidrulekern=\dimen170
\defaultaddspace=\dimen171
\@cmidla=\count307
\@cmidlb=\count308
\@aboverulesep=\dimen172
\@belowrulesep=\dimen173
\@thisruleclass=\count309
\@lastruleclass=\count310
\@thisrulewidth=\dimen174
) (/usr/local/texlive/2024/texmf-dist/tex/latex/tools/array.sty
Package: array 2023/10/16 v2.5g Tabular extension package (FMi)
\col@sep=\dimen175
\ar@mcellbox=\box62
\extrarowheight=\dimen176
\NC@list=\toks28
\extratabsurround=\skip78
\backup@length=\skip79
\ar@cellbox=\box63
) (/usr/local/texlive/2024/texmf-dist/tex/latex/tools/calc.sty
Package: calc 2023/07/08 v4.3 Infix arithmetic (KKT,FJ)
\calc@Acount=\count311
\calc@Bcount=\count312
\calc@Adimen=\dimen177
\calc@Bdimen=\dimen178
\calc@Askip=\skip80
\calc@Bskip=\skip81
LaTeX Info: Redefining \setlength on input line 80.
LaTeX Info: Redefining \addtolength on input line 81.
\calc@Ccount=\count313
\calc@Cskip=\skip82
) (/usr/local/texlive/2024/texmf-dist/tex/latex/footnotehyper/footnotehyper.sty
Package: footnotehyper 2021/08/13 v1.1e hyperref aware footnote.sty (JFB)
\FNH@notes=\box64
\FNH@width=\dimen179
\FNH@toks=\toks29
)
\cslhangindent=\skip83
\csllabelwidth=\skip84
(./trackchanges.sty
Package: trackchanges 2009/04/22 v0.7.0 TrackChanges file 
(/usr/local/texlive/2024/texmf-dist/tex/generic/soul/soul.sty
Package: soul 2023-06-14 v3.1 Permit use of UTF-8 characters in soul (HO)
(/usr/local/texlive/2024/texmf-dist/tex/generic/soul/soul-ori.sty
Package: soul-ori 2023-06-14 v3.1 letterspacing/underlining (mf)
\SOUL@word=\toks30
\SOUL@lasttoken=\toks31
\SOUL@syllable=\toks32
\SOUL@cmds=\toks33
\SOUL@buffer=\toks34
\SOUL@token=\toks35
\SOUL@syllgoal=\dimen180
\SOUL@syllwidth=\dimen181
\SOUL@charkern=\dimen182
\SOUL@hyphkern=\dimen183
\SOUL@dimen=\dimen184
\SOUL@dimeni=\dimen185
\SOUL@minus=\count314
\SOUL@comma=\count315
\SOUL@apo=\count316
\SOUL@grave=\count317
\SOUL@spaceskip=\skip85
\SOUL@ttwidth=\dimen186
\SOUL@uldp=\dimen187
\SOUL@ulht=\dimen188
) (/usr/local/texlive/2024/texmf-dist/tex/generic/infwarerr/infwarerr.sty
Package: infwarerr 2019/12/03 v1.5 Providing info/warning/error messages (HO)
) (/usr/local/texlive/2024/texmf-dist/tex/generic/etexcmds/etexcmds.sty
Package: etexcmds 2019/12/15 v1.7 Avoid name clashes with e-TeX commands (HO)
)) (/usr/local/texlive/2024/texmf-dist/tex/latex/morefloats/morefloats.sty
Package: morefloats 2015/07/22 v1.0h Raise limit of unprocessed floats (HMM)
Package morefloats Info: Maximum number of possible floats asked for: 36
(morefloats)             (i.e. 18 more floats).
(morefloats)             LaTeX might run out of memory before this
(morefloats)             (in which case it will notify you).
)
\c@userid=\count318
\c@changenumber=\count319
\c@storefootnote=\count320
\c@numeditors=\count321
\c@maxeditors=\count322
) (/usr/local/texlive/2024/texmf-dist/tex/latex/caption/caption.sty
Package: caption 2023/08/05 v3.6o Customizing captions (AR)
(/usr/local/texlive/2024/texmf-dist/tex/latex/caption/caption3.sty
Package: caption3 2023/07/31 v2.4d caption3 kernel (AR)
\caption@tempdima=\dimen189
\captionmargin=\dimen190
\caption@leftmargin=\dimen191
\caption@rightmargin=\dimen192
\caption@width=\dimen193
\caption@indent=\dimen194
\caption@parindent=\dimen195
\caption@hangindent=\dimen196
Package caption Info: Unknown document class (or package),
(caption)             standard defaults will be used.
Package caption Info: \@makecaption = \long macro:#1#2->{\small \ifx \@captype 
\xfigure \vskip \abovecaptionskip \fi {\ifturnofflinenums \else \ifnumlines \in
ternallinenumbers \fi \fi \sbox \@tempboxa {\bf #1.\quad \rm #2}\ifdim \wd \@te
mpboxa >.9\hsize \bf #1.\quad \rm \relax #2\par \else {\centering \bf #1.\rm \q
uad #2 \vskip 1sp} \fi } \ifx \@captype \xfigure \else \vskip \belowcaptionskip
 \fi } on input line 1175.
)

Package caption Warning: Unknown document class (or package),
(caption)                standard defaults will be used.
See the caption package documentation for explanation.

\c@caption@flags=\count323
\c@continuedfloat=\count324
Package caption Info: longtable package is loaded.
(/usr/local/texlive/2024/texmf-dist/tex/latex/caption/ltcaption.sty
Package: ltcaption 2021/01/08 v1.4c longtable captions (AR)
)
Package caption Info: rotating package is loaded.
) (/usr/local/texlive/2024/texmf-dist/tex/latex/float/float.sty
Package: float 2001/11/08 v1.3d Float enhancements (AL)
\c@float@type=\count325
\float@exts=\toks36
\float@box=\box65
\@float@everytoks=\toks37
\@floatcapt=\box66
)
\@float@every@codelisting=\toks38
\c@codelisting=\count326
(/usr/local/texlive/2024/texmf-dist/tex/latex/caption/subcaption.sty
Package: subcaption 2023/07/28 v1.6b Sub-captions (AR)
Package caption Info: New subtype `subfigure' on input line 238.
\c@subfigure=\count327
Package caption Info: New subtype `subtable' on input line 238.
\c@subtable=\count328
) (/usr/local/texlive/2024/texmf-dist/tex/latex/bookmark/bookmark.sty
Package: bookmark 2023-12-10 v1.31 PDF bookmarks (HO)
(/usr/local/texlive/2024/texmf-dist/tex/latex/hyperref/hyperref.sty
Package: hyperref 2024-01-20 v7.01h Hypertext links for LaTeX
(/usr/local/texlive/2024/texmf-dist/tex/generic/kvdefinekeys/kvdefinekeys.sty
Package: kvdefinekeys 2019-12-19 v1.6 Define keys (HO)
) (/usr/local/texlive/2024/texmf-dist/tex/generic/pdfescape/pdfescape.sty
Package: pdfescape 2019/12/09 v1.15 Implements pdfTeX's escape features (HO)
(/usr/local/texlive/2024/texmf-dist/tex/generic/pdftexcmds/pdftexcmds.sty
Package: pdftexcmds 2020-06-27 v0.33 Utility functions of pdfTeX for LuaTeX (HO
)
Package pdftexcmds Info: \pdf@primitive is available.
Package pdftexcmds Info: \pdf@ifprimitive is available.
Package pdftexcmds Info: \pdfdraftmode not found.
)) (/usr/local/texlive/2024/texmf-dist/tex/latex/hycolor/hycolor.sty
Package: hycolor 2020-01-27 v1.10 Color options for hyperref/bookmark (HO)
) (/usr/local/texlive/2024/texmf-dist/tex/latex/auxhook/auxhook.sty
Package: auxhook 2019-12-17 v1.6 Hooks for auxiliary files (HO)
) (/usr/local/texlive/2024/texmf-dist/tex/latex/hyperref/nameref.sty
Package: nameref 2023-11-26 v2.56 Cross-referencing by name of section
(/usr/local/texlive/2024/texmf-dist/tex/latex/refcount/refcount.sty
Package: refcount 2019/12/15 v3.6 Data extraction from label references (HO)
)
(/usr/local/texlive/2024/texmf-dist/tex/generic/gettitlestring/gettitlestring.s
ty
Package: gettitlestring 2019/12/15 v1.6 Cleanup title references (HO)
)
\c@section@level=\count329
)
\@linkdim=\dimen197
\Hy@linkcounter=\count330
\Hy@pagecounter=\count331
(/usr/local/texlive/2024/texmf-dist/tex/latex/hyperref/pd1enc.def
File: pd1enc.def 2024-01-20 v7.01h Hyperref: PDFDocEncoding definition (HO)
) (/usr/local/texlive/2024/texmf-dist/tex/generic/intcalc/intcalc.sty
Package: intcalc 2019/12/15 v1.3 Expandable calculations with integers (HO)
)
\Hy@SavedSpaceFactor=\count332
(/usr/local/texlive/2024/texmf-dist/tex/latex/hyperref/puenc.def
File: puenc.def 2024-01-20 v7.01h Hyperref: PDF Unicode definition (HO)
)
Package hyperref Info: Option `unicode' set `true' on input line 4062.
Package hyperref Info: Hyper figures OFF on input line 4179.
Package hyperref Info: Link nesting OFF on input line 4184.
Package hyperref Info: Hyper index ON on input line 4187.
Package hyperref Info: Plain pages OFF on input line 4194.
Package hyperref Info: Backreferencing OFF on input line 4199.
Package hyperref Info: Implicit mode ON; LaTeX internals redefined.
Package hyperref Info: Bookmarks ON on input line 4446.
\c@Hy@tempcnt=\count333
LaTeX Info: Redefining \url on input line 4784.
\XeTeXLinkMargin=\dimen198
(/usr/local/texlive/2024/texmf-dist/tex/generic/bitset/bitset.sty
Package: bitset 2019/12/09 v1.3 Handle bit-vector datatype (HO)
(/usr/local/texlive/2024/texmf-dist/tex/generic/bigintcalc/bigintcalc.sty
Package: bigintcalc 2019/12/15 v1.5 Expandable calculations on big integers (HO
)
))
\Fld@menulength=\count334
\Field@Width=\dimen199
\Fld@charsize=\dimen256
Package hyperref Info: Hyper figures OFF on input line 6063.
Package hyperref Info: Link nesting OFF on input line 6068.
Package hyperref Info: Hyper index ON on input line 6071.
Package hyperref Info: backreferencing OFF on input line 6078.
Package hyperref Info: Link coloring OFF on input line 6083.
Package hyperref Info: Link coloring with OCG OFF on input line 6088.
Package hyperref Info: PDF/A mode OFF on input line 6093.
(/usr/local/texlive/2024/texmf-dist/tex/latex/base/atbegshi-ltx.sty
Package: atbegshi-ltx 2021/01/10 v1.0c Emulation of the original atbegshi
package with kernel methods
)
\Hy@abspage=\count335
\c@Item=\count336
\c@Hfootnote=\count337
)
Package hyperref Info: Driver (autodetected): hxetex.
(/usr/local/texlive/2024/texmf-dist/tex/latex/hyperref/hxetex.def
File: hxetex.def 2024-01-20 v7.01h Hyperref driver for XeTeX
(/usr/local/texlive/2024/texmf-dist/tex/generic/stringenc/stringenc.sty
Package: stringenc 2019/11/29 v1.12 Convert strings between diff. encodings (HO
)
)
\pdfm@box=\box67
\c@Hy@AnnotLevel=\count338
\HyField@AnnotCount=\count339
\Fld@listcount=\count340
\c@bookmark@seq@number=\count341

(/usr/local/texlive/2024/texmf-dist/tex/latex/rerunfilecheck/rerunfilecheck.sty
Package: rerunfilecheck 2022-07-10 v1.10 Rerun checks for auxiliary files (HO)
(/usr/local/texlive/2024/texmf-dist/tex/latex/base/atveryend-ltx.sty
Package: atveryend-ltx 2020/08/19 v1.0a Emulation of the original atveryend pac
kage
with kernel methods
)
(/usr/local/texlive/2024/texmf-dist/tex/generic/uniquecounter/uniquecounter.sty
Package: uniquecounter 2019/12/15 v1.4 Provide unlimited unique counter (HO)
)
Package uniquecounter Info: New unique counter `rerunfilecheck' on input line 2
85.
)
\Hy@SectionHShift=\skip86
) (/usr/local/texlive/2024/texmf-dist/tex/latex/bookmark/bkm-dvipdfm.def
File: bkm-dvipdfm.def 2023-12-10 v1.31 bookmark driver for dvipdfm (HO)
\BKM@id=\count342
)) (/usr/local/texlive/2024/texmf-dist/tex/latex/xurl/xurl.sty
Package: xurl 2022/01/09 v 0.10 modify URL breaks
)
Package hyperref Info: Option `colorlinks' set `true' on input line 189.
No file index.aux.
\openout1 = `index.aux'.

LaTeX Font Info:    Checking defaults for OML/cmm/m/it on input line 196.
LaTeX Font Info:    ... okay on input line 196.
LaTeX Font Info:    Checking defaults for OMS/cmsy/m/n on input line 196.
LaTeX Font Info:    ... okay on input line 196.
LaTeX Font Info:    Checking defaults for OT1/cmr/m/n on input line 196.
LaTeX Font Info:    ... okay on input line 196.
LaTeX Font Info:    Checking defaults for T1/cmr/m/n on input line 196.
LaTeX Font Info:    ... okay on input line 196.
LaTeX Font Info:    Checking defaults for TS1/cmr/m/n on input line 196.
LaTeX Font Info:    ... okay on input line 196.
LaTeX Font Info:    Checking defaults for TU/lmr/m/n on input line 196.
LaTeX Font Info:    ... okay on input line 196.
LaTeX Font Info:    Checking defaults for OMX/cmex/m/n on input line 196.
LaTeX Font Info:    ... okay on input line 196.
LaTeX Font Info:    Checking defaults for U/cmr/m/n on input line 196.
LaTeX Font Info:    ... okay on input line 196.
LaTeX Font Info:    Checking defaults for PD1/pdf/m/n on input line 196.
LaTeX Font Info:    ... okay on input line 196.
LaTeX Font Info:    Checking defaults for PU/pdf/m/n on input line 196.
LaTeX Font Info:    ... okay on input line 196.
\c@maskedRefs=\count343
(/usr/local/texlive/2024/texmf-dist/tex/latex/apacite/english.apc
File: english.apc 2013/07/21 v6.03 apacite language file
LaTeX Info: Redefining \BPBI on input line 129.
LaTeX Info: Redefining \BHBI on input line 130.
)
LaTeX Font Info:    Overwriting math alphabet `\mathrm' in version `normal'
(Font)                  OT1/lmr/m/n --> TU/lmr/m/n on input line 196.
LaTeX Font Info:    Overwriting math alphabet `\mathit' in version `normal'
(Font)                  OT1/lmr/m/it --> TU/lmr/m/it on input line 196.
LaTeX Font Info:    Overwriting math alphabet `\mathbf' in version `normal'
(Font)                  OT1/lmr/bx/n --> TU/lmr/bx/n on input line 196.
LaTeX Font Info:    Overwriting math alphabet `\mathsf' in version `normal'
(Font)                  OT1/lmss/m/n --> TU/lmss/m/n on input line 196.
LaTeX Font Info:    Overwriting math alphabet `\mathsf' in version `bold'
(Font)                  OT1/lmss/bx/n --> TU/lmss/bx/n on input line 196.
LaTeX Font Info:    Overwriting math alphabet `\mathtt' in version `normal'
(Font)                  OT1/lmtt/m/n --> TU/lmtt/m/n on input line 196.
LaTeX Font Info:    Overwriting math alphabet `\mathtt' in version `bold'
(Font)                  OT1/lmtt/m/n --> TU/lmtt/bx/n on input line 196.

Package fontspec Info: latinmodern-math scale = 0.9999964596882403.


Package fontspec Info: latinmodern-math scale = 0.9999964596882403.


Package fontspec Info: latinmodern-math scale = 0.9999964596882403.


Package fontspec Info: Font family 'latinmodern-math.otf(0)' created for font
(fontspec)             'latinmodern-math.otf' with options
(fontspec)             [Scale=MatchLowercase,BoldItalicFont={},ItalicFont={},Sm
allCapsFont={},Script=Math,BoldFont={latinmodern-math.otf}].
(fontspec)              
(fontspec)              This font family consists of the following NFSS
(fontspec)             series/shapes:
(fontspec)              
(fontspec)             - 'normal' (m/n) with NFSS spec.:
(fontspec)             <->s*[0.9999964596882403]"[latinmodern-math.otf]/OT:scri
pt=math;language=dflt;"
(fontspec)             - 'small caps'  (m/sc) with NFSS spec.: 
(fontspec)             - 'bold' (b/n) with NFSS spec.:
(fontspec)             <->s*[0.9999964596882403]"[latinmodern-math.otf]/OT:scri
pt=math;language=dflt;"
(fontspec)             - 'bold small caps'  (b/sc) with NFSS spec.: 

LaTeX Font Info:    Font shape `TU/latinmodern-math.otf(0)/m/n' will be
(Font)              scaled to size 10.0pt on input line 196.

Package fontspec Info: latinmodern-math scale = 0.9999964596882403.


Package fontspec Info: latinmodern-math scale = 0.9999964596882403.


Package fontspec Info: latinmodern-math scale = 0.9999964596882403.


Package fontspec Info: latinmodern-math scale = 0.9999964596882403.


Package fontspec Info: latinmodern-math scale = 0.9999964596882403.


Package fontspec Info: Font family 'latinmodern-math.otf(1)' created for font
(fontspec)             'latinmodern-math.otf' with options
(fontspec)             [Scale=MatchLowercase,BoldItalicFont={},ItalicFont={},Sm
allCapsFont={},Script=Math,SizeFeatures={{Size=8.5-},{Size=6-8.5,Font=latinmode
rn-math.otf,Style=MathScript},{Size=-6,Font=latinmodern-math.otf,Style=MathScri
ptScript}},BoldFont={latinmodern-math.otf}].
(fontspec)              
(fontspec)              This font family consists of the following NFSS
(fontspec)             series/shapes:
(fontspec)              
(fontspec)             - 'normal' (m/n) with NFSS spec.:
(fontspec)             <8.5->s*[0.9999964596882403]"[latinmodern-math.otf]/OT:s
cript=math;language=dflt;"<6-8.5>s*[0.9999964596882403]"[latinmodern-math.otf]/
OT:script=math;language=dflt;+ssty=0;"<-6>s*[0.9999964596882403]"[latinmodern-m
ath.otf]/OT:script=math;language=dflt;+ssty=1;"
(fontspec)             - 'small caps'  (m/sc) with NFSS spec.: 
(fontspec)             - 'bold' (b/n) with NFSS spec.:
(fontspec)             <->s*[0.9999964596882403]"[latinmodern-math.otf]/OT:scri
pt=math;language=dflt;"
(fontspec)             - 'bold small caps'  (b/sc) with NFSS spec.: 

LaTeX Font Info:    Font shape `TU/latinmodern-math.otf(1)/m/n' will be
(Font)              scaled to size 10.0pt on input line 196.
LaTeX Font Info:    Encoding `OT1' has changed to `TU' for symbol font
(Font)              `operators' in the math version `normal' on input line 196.

LaTeX Font Info:    Overwriting symbol font `operators' in version `normal'
(Font)                  OT1/lmr/m/n --> TU/latinmodern-math.otf(1)/m/n on input
 line 196.
LaTeX Font Info:    Encoding `OT1' has changed to `TU' for symbol font
(Font)              `operators' in the math version `bold' on input line 196.
LaTeX Font Info:    Overwriting symbol font `operators' in version `bold'
(Font)                  OT1/lmr/bx/n --> TU/latinmodern-math.otf(1)/b/n on inpu
t line 196.

Package fontspec Info: latinmodern-math scale = 0.9999964596882403.


Package fontspec Info: latinmodern-math scale = 1.000096459334209.


Package fontspec Info: latinmodern-math scale = 0.9999964596882403.


Package fontspec Info: latinmodern-math scale = 1.000096459334209.


Package fontspec Info: latinmodern-math scale = 0.9999964596882403.


Package fontspec Info: latinmodern-math scale = 1.000096459334209.


Package fontspec Info: latinmodern-math scale = 0.9999964596882403.


Package fontspec Info: latinmodern-math scale = 1.000096459334209.


Package fontspec Info: latinmodern-math scale = 0.9999964596882403.


Package fontspec Info: latinmodern-math scale = 1.000096459334209.


Package fontspec Info: Font family 'latinmodern-math.otf(2)' created for font
(fontspec)             'latinmodern-math.otf' with options
(fontspec)             [Scale=MatchLowercase,BoldItalicFont={},ItalicFont={},Sm
allCapsFont={},Script=Math,SizeFeatures={{Size=8.5-},{Size=6-8.5,Font=latinmode
rn-math.otf,Style=MathScript},{Size=-6,Font=latinmodern-math.otf,Style=MathScri
ptScript}},BoldFont={latinmodern-math.otf},ScaleAgain=1.0001,FontAdjustment={\f
ontdimen
(fontspec)             8\font =6.77pt\relax \fontdimen 9\font =3.94pt\relax
(fontspec)             \fontdimen 10\font =4.44pt\relax \fontdimen 11\font
(fontspec)             =6.86pt\relax \fontdimen 12\font =3.45pt\relax
(fontspec)             \fontdimen 13\font =3.63pt\relax \fontdimen 14\font
(fontspec)             =3.63pt\relax \fontdimen 15\font =2.89pt\relax
(fontspec)             \fontdimen 16\font =2.47pt\relax \fontdimen 17\font
(fontspec)             =2.47pt\relax \fontdimen 18\font =2.5pt\relax
(fontspec)             \fontdimen 19\font =2.0pt\relax \fontdimen 22\font
(fontspec)             =2.5pt\relax \fontdimen 20\font =0pt\relax \fontdimen
(fontspec)             21\font =0pt\relax }].
(fontspec)              
(fontspec)              This font family consists of the following NFSS
(fontspec)             series/shapes:
(fontspec)              
(fontspec)             - 'normal' (m/n) with NFSS spec.:
(fontspec)             <8.5->s*[1.000096459334209]"[latinmodern-math.otf]/OT:sc
ript=math;language=dflt;"<6-8.5>s*[1.000096459334209]"[latinmodern-math.otf]/OT
:script=math;language=dflt;+ssty=0;"<-6>s*[1.000096459334209]"[latinmodern-math
.otf]/OT:script=math;language=dflt;+ssty=1;"
(fontspec)             - 'small caps'  (m/sc) with NFSS spec.: 
(fontspec)             and font adjustment code:
(fontspec)             \fontdimen 8\font =6.77pt\relax \fontdimen 9\font
(fontspec)             =3.94pt\relax \fontdimen 10\font =4.44pt\relax
(fontspec)             \fontdimen 11\font =6.86pt\relax \fontdimen 12\font
(fontspec)             =3.45pt\relax \fontdimen 13\font =3.63pt\relax
(fontspec)             \fontdimen 14\font =3.63pt\relax \fontdimen 15\font
(fontspec)             =2.89pt\relax \fontdimen 16\font =2.47pt\relax
(fontspec)             \fontdimen 17\font =2.47pt\relax \fontdimen 18\font
(fontspec)             =2.5pt\relax \fontdimen 19\font =2.0pt\relax \fontdimen
(fontspec)             22\font =2.5pt\relax \fontdimen 20\font =0pt\relax
(fontspec)             \fontdimen 21\font =0pt\relax 
(fontspec)             - 'bold' (b/n) with NFSS spec.:
(fontspec)             <->s*[1.000096459334209]"[latinmodern-math.otf]/OT:scrip
t=math;language=dflt;"
(fontspec)             - 'bold small caps'  (b/sc) with NFSS spec.: 
(fontspec)             and font adjustment code:
(fontspec)             \fontdimen 8\font =6.77pt\relax \fontdimen 9\font
(fontspec)             =3.94pt\relax \fontdimen 10\font =4.44pt\relax
(fontspec)             \fontdimen 11\font =6.86pt\relax \fontdimen 12\font
(fontspec)             =3.45pt\relax \fontdimen 13\font =3.63pt\relax
(fontspec)             \fontdimen 14\font =3.63pt\relax \fontdimen 15\font
(fontspec)             =2.89pt\relax \fontdimen 16\font =2.47pt\relax
(fontspec)             \fontdimen 17\font =2.47pt\relax \fontdimen 18\font
(fontspec)             =2.5pt\relax \fontdimen 19\font =2.0pt\relax \fontdimen
(fontspec)             22\font =2.5pt\relax \fontdimen 20\font =0pt\relax
(fontspec)             \fontdimen 21\font =0pt\relax 

LaTeX Font Info:    Encoding `OMS' has changed to `TU' for symbol font
(Font)              `symbols' in the math version `normal' on input line 196.
LaTeX Font Info:    Overwriting symbol font `symbols' in version `normal'
(Font)                  OMS/lmsy/m/n --> TU/latinmodern-math.otf(2)/m/n on inpu
t line 196.
LaTeX Font Info:    Encoding `OMS' has changed to `TU' for symbol font
(Font)              `symbols' in the math version `bold' on input line 196.
LaTeX Font Info:    Overwriting symbol font `symbols' in version `bold'
(Font)                  OMS/lmsy/b/n --> TU/latinmodern-math.otf(2)/b/n on inpu
t line 196.

Package fontspec Info: latinmodern-math scale = 0.9999964596882403.


Package fontspec Info: latinmodern-math scale = 0.9998964600422715.


Package fontspec Info: latinmodern-math scale = 0.9999964596882403.


Package fontspec Info: latinmodern-math scale = 0.9998964600422715.


Package fontspec Info: latinmodern-math scale = 0.9999964596882403.


Package fontspec Info: latinmodern-math scale = 0.9998964600422715.


Package fontspec Info: latinmodern-math scale = 0.9999964596882403.


Package fontspec Info: latinmodern-math scale = 0.9998964600422715.


Package fontspec Info: latinmodern-math scale = 0.9999964596882403.


Package fontspec Info: latinmodern-math scale = 0.9998964600422715.


Package fontspec Info: Font family 'latinmodern-math.otf(3)' created for font
(fontspec)             'latinmodern-math.otf' with options
(fontspec)             [Scale=MatchLowercase,BoldItalicFont={},ItalicFont={},Sm
allCapsFont={},Script=Math,SizeFeatures={{Size=8.5-},{Size=6-8.5,Font=latinmode
rn-math.otf,Style=MathScript},{Size=-6,Font=latinmodern-math.otf,Style=MathScri
ptScript}},BoldFont={latinmodern-math.otf},ScaleAgain=0.9999,FontAdjustment={\f
ontdimen
(fontspec)             8\font =0.4pt\relax \fontdimen 9\font =2.0pt\relax
(fontspec)             \fontdimen 10\font =1.67pt\relax \fontdimen 11\font
(fontspec)             =1.11pt\relax \fontdimen 12\font =6.0pt\relax
(fontspec)             \fontdimen 13\font =0pt\relax }].
(fontspec)              
(fontspec)              This font family consists of the following NFSS
(fontspec)             series/shapes:
(fontspec)              
(fontspec)             - 'normal' (m/n) with NFSS spec.:
(fontspec)             <8.5->s*[0.9998964600422715]"[latinmodern-math.otf]/OT:s
cript=math;language=dflt;"<6-8.5>s*[0.9998964600422715]"[latinmodern-math.otf]/
OT:script=math;language=dflt;+ssty=0;"<-6>s*[0.9998964600422715]"[latinmodern-m
ath.otf]/OT:script=math;language=dflt;+ssty=1;"
(fontspec)             - 'small caps'  (m/sc) with NFSS spec.: 
(fontspec)             and font adjustment code:
(fontspec)             \fontdimen 8\font =0.4pt\relax \fontdimen 9\font
(fontspec)             =2.0pt\relax \fontdimen 10\font =1.67pt\relax
(fontspec)             \fontdimen 11\font =1.11pt\relax \fontdimen 12\font
(fontspec)             =6.0pt\relax \fontdimen 13\font =0pt\relax 
(fontspec)             - 'bold' (b/n) with NFSS spec.:
(fontspec)             <->s*[0.9998964600422715]"[latinmodern-math.otf]/OT:scri
pt=math;language=dflt;"
(fontspec)             - 'bold small caps'  (b/sc) with NFSS spec.: 
(fontspec)             and font adjustment code:
(fontspec)             \fontdimen 8\font =0.4pt\relax \fontdimen 9\font
(fontspec)             =2.0pt\relax \fontdimen 10\font =1.67pt\relax
(fontspec)             \fontdimen 11\font =1.11pt\relax \fontdimen 12\font
(fontspec)             =6.0pt\relax \fontdimen 13\font =0pt\relax 

LaTeX Font Info:    Encoding `OMX' has changed to `TU' for symbol font
(Font)              `largesymbols' in the math version `normal' on input line 1
96.
LaTeX Font Info:    Overwriting symbol font `largesymbols' in version `normal'
(Font)                  OMX/lmex/m/n --> TU/latinmodern-math.otf(3)/m/n on inpu
t line 196.
LaTeX Font Info:    Encoding `OMX' has changed to `TU' for symbol font
(Font)              `largesymbols' in the math version `bold' on input line 196
.
LaTeX Font Info:    Overwriting symbol font `largesymbols' in version `bold'
(Font)                  OMX/lmex/m/n --> TU/latinmodern-math.otf(3)/b/n on inpu
t line 196.
LaTeX Info: Redefining \microtypecontext on input line 196.
Package microtype Info: Applying patch `item' on input line 196.
Package microtype Info: Applying patch `toc' on input line 196.
Package microtype Info: Applying patch `eqnum' on input line 196.
Package microtype Info: Applying patch `footnote' on input line 196.
Package microtype Info: Applying patch `verbatim' on input line 196.
Package microtype Info: Character protrusion enabled (level 2).
Package microtype Info: Using protrusion set `basicmath'.
Package microtype Info: No adjustment of tracking.
Package microtype Info: No adjustment of spacing.
Package microtype Info: No adjustment of kerning.

(/usr/local/texlive/2024/texmf-dist/tex/latex/microtype/mt-LatinModernRoman.cfg
File: mt-LatinModernRoman.cfg 2021/02/21 v1.1 microtype config. file: Latin Mod
ern Roman (RS)
)
Package caption Info: Begin \AtBeginDocument code.
Package caption Info: float package is loaded.
Package caption Info: hyperref package is loaded.
Package caption Info: End \AtBeginDocument code.

Package hyperref Warning: Height of page (\paperheight) is invalid (0.0pt),
(hyperref)                using 11in.

Package hyperref Info: Link coloring ON on input line 196.

Package hyperref Warning: Rerun to get /PageLabels entry.

LaTeX Font Info:    Font shape `TU/latinmodern-math.otf(1)/m/n' will be
(Font)              scaled to size 7.0pt on input line 205.
LaTeX Font Info:    Font shape `TU/latinmodern-math.otf(1)/m/n' will be
(Font)              scaled to size 5.0pt on input line 205.
LaTeX Font Info:    Trying to load font information for OML+lmm on input line 2
05.
(/usr/local/texlive/2024/texmf-dist/tex/latex/lm/omllmm.fd
File: omllmm.fd 2015/05/01 v1.6.1 Font defs for Latin Modern
)
LaTeX Font Info:    Font shape `TU/latinmodern-math.otf(2)/m/n' will be
(Font)              scaled to size 10.00092pt on input line 205.
LaTeX Font Info:    Font shape `TU/latinmodern-math.otf(2)/m/n' will be
(Font)              scaled to size 7.00064pt on input line 205.
LaTeX Font Info:    Font shape `TU/latinmodern-math.otf(2)/m/n' will be
(Font)              scaled to size 5.00046pt on input line 205.
LaTeX Font Info:    Font shape `TU/latinmodern-math.otf(3)/m/n' will be
(Font)              scaled to size 9.99893pt on input line 205.
LaTeX Font Info:    Font shape `TU/latinmodern-math.otf(3)/m/n' will be
(Font)              scaled to size 6.99925pt on input line 205.
LaTeX Font Info:    Font shape `TU/latinmodern-math.otf(3)/m/n' will be
(Font)              scaled to size 4.99947pt on input line 205.
LaTeX Font Info:    Trying to load font information for U+msa on input line 205
.
(/usr/local/texlive/2024/texmf-dist/tex/latex/amsfonts/umsa.fd
File: umsa.fd 2013/01/14 v3.01 AMS symbols A
) (/usr/local/texlive/2024/texmf-dist/tex/latex/microtype/mt-msa.cfg
File: mt-msa.cfg 2006/02/04 v1.1 microtype config. file: AMS symbols (a) (RS)
)
LaTeX Font Info:    Trying to load font information for U+msb on input line 205
.
(/usr/local/texlive/2024/texmf-dist/tex/latex/amsfonts/umsb.fd
File: umsb.fd 2013/01/14 v3.01 AMS symbols B
) (/usr/local/texlive/2024/texmf-dist/tex/latex/microtype/mt-msb.cfg
File: mt-msb.cfg 2005/06/01 v1.0 microtype config. file: AMS symbols (b) (RS)
)
LaTeX Font Info:    Font shape `TU/latinmodern-math.otf(1)/m/n' will be
(Font)              scaled to size 8.0pt on input line 207.
LaTeX Font Info:    Font shape `TU/latinmodern-math.otf(1)/m/n' will be
(Font)              scaled to size 6.0pt on input line 207.
LaTeX Font Info:    Font shape `TU/latinmodern-math.otf(2)/m/n' will be
(Font)              scaled to size 8.00073pt on input line 207.
LaTeX Font Info:    Font shape `TU/latinmodern-math.otf(2)/m/n' will be
(Font)              scaled to size 6.00055pt on input line 207.
LaTeX Font Info:    Font shape `TU/latinmodern-math.otf(3)/m/n' will be
(Font)              scaled to size 7.99915pt on input line 207.
LaTeX Font Info:    Font shape `TU/latinmodern-math.otf(3)/m/n' will be
(Font)              scaled to size 5.99936pt on input line 207.
Missing character: There is no ′ (U+2032) in font [lmroman8-regular]:mapping=te
x-text;!

Package hyperref Warning: Ignoring empty anchor on input line 223.

[1]
Underfull \hbox (badness 10000) in paragraph at lines 244--252
[]\TU/lmr/m/n/10 BDNF is a crucial neurotrophin that supports the survival, dif
ferentiation, and 
 []


Underfull \hbox (badness 10000) in paragraph at lines 244--252
\TU/lmr/m/n/10 growth of neurons. It plays a central role in neuroplasticity by
 facilitating synaptic 
 []


Underfull \hbox (badness 10000) in paragraph at lines 244--252
\TU/lmr/m/n/10 plasticity, which is the ability of synapses to strengthen or we
aken over time in re- 
 []


Underfull \hbox (badness 10000) in paragraph at lines 244--252
\TU/lmr/m/n/10 sponse to increases or decreases in their activity. It enhances 
long-term potentiation 
 []


Underfull \hbox (badness 10000) in paragraph at lines 244--252
\TU/lmr/m/n/10 (LTP), a process associated with learning and memory. BDNF promo
tes synaptic 
 []


Underfull \hbox (badness 10000) in paragraph at lines 257--260
[]\TU/lmr/m/n/10 The promoter region of the BDNF gene can be methylated, which 
generally sup- 
 []


Underfull \hbox (badness 10000) in paragraph at lines 257--260
\TU/lmr/m/n/10 presses its expression. Methylation of BDNF can be influenced by
 various factors, 
 []


Underfull \hbox (badness 10000) in paragraph at lines 263--266
[]\TU/lmr/m/n/10 Post-translational modifications of histones can also regulate
 BDNF expression. For 
 []


Underfull \hbox (badness 10000) in paragraph at lines 269--271
[]\TU/lmr/m/n/10 Factors such as CREB (cAMP response element-binding protein) r
egulate BDNF 
 []


Underfull \hbox (badness 10000) in paragraph at lines 278--285
[]\TU/lmr/m/n/10 PSD95 is a scaffolding protein found in the postsynaptic densi
ty of neurons. It is in- 
 []


Underfull \hbox (badness 10000) in paragraph at lines 278--285
\TU/lmr/m/n/10 volved in organizing and stabilizing synaptic proteins, and it p
lays a key role in the 
 []


Underfull \hbox (badness 10000) in paragraph at lines 278--285
\TU/lmr/m/n/10 regulation of synaptic transmission and plasticity. It interacts
 with glutamate recep- 
 []


Underfull \hbox (badness 10000) in paragraph at lines 278--285
\TU/lmr/m/n/10 tors (e.g., NMDA and AMPA receptors), thereby modulating synapti
c strength and 
 []


Underfull \hbox (badness 10000) in paragraph at lines 278--285
\TU/lmr/m/n/10 contributing to synaptic plasticity mechanisms such as LTP and L
TD (long-term 
 []


Underfull \hbox (badness 10000) in paragraph at lines 288--292
[]\TU/lmr/m/n/10 DNA Methylation and Histone Modifications: The expression of P
SD95 can be influ- 
 []


Underfull \hbox (badness 10000) in paragraph at lines 288--292
\TU/lmr/m/n/10 enced by DNA methylation and histone acetylation. Epigenetic cha
nges can affect 
 []


Underfull \hbox (badness 10000) in paragraph at lines 296--299
[]\TU/lmr/m/n/10 Synaptic activity and neuronal signaling pathways can alter th
e expression of PSD95 
 []


Underfull \hbox (badness 10000) in paragraph at lines 305--311
[]\TU/lmr/m/n/10 Tau is a microtubule-associated protein that stabilizes microt
ubules and supports 
 []


Underfull \hbox (badness 10000) in paragraph at lines 305--311
\TU/lmr/m/n/10 axonal transport. It plays a critical role in maintaining neuron
al structure and 
 []


Underfull \hbox (badness 10000) in paragraph at lines 305--311
\TU/lmr/m/n/10 function. Dysregulation of Tau, such as hyperphosphorylation, is
 associated with 
 []


Underfull \hbox (badness 10000) in paragraph at lines 305--311
\TU/lmr/m/n/10 neurodegenerative diseases like Alzheimer’s disease. Tau patholo
gy can disrupt neu- 
 []


Underfull \vbox (badness 1442) has occurred while \output is active []

[2]
Underfull \hbox (badness 10000) in paragraph at lines 317--320
[]\TU/lmr/m/n/10 Epigenetic regulation of Tau involves changes in DNA methylati
on patterns and 
 []


Underfull \hbox (badness 10000) in paragraph at lines 317--320
\TU/lmr/m/n/10 histone modifications. Abnormal epigenetic changes can affect Ta
u expression and 
 []


Underfull \hbox (badness 10000) in paragraph at lines 323--327
[]\TU/lmr/m/n/10 Tau’s phosphorylation status is influenced by signaling pathwa
ys and can affect its 
 []


Underfull \hbox (badness 10000) in paragraph at lines 323--327
\TU/lmr/m/n/10 interactions with microtubules and its role in neuroplasticity. 
Epigenetic Effects of 
 []


Underfull \hbox (badness 10000) in paragraph at lines 334--338
[]\TU/lmr/m/n/10 Research indicates that cognitive activities, including comple
x activities like making 
 []


Underfull \hbox (badness 10000) in paragraph at lines 334--338
\TU/lmr/m/n/10 music, can influence DNA methylation patterns. Such activities a
re associated with 
 []


Underfull \hbox (badness 10000) in paragraph at lines 341--345
[]\TU/lmr/m/n/10 Engaging in musical activities has been shown to affect the ex
pression of genes in- 
 []


Underfull \hbox (badness 10000) in paragraph at lines 341--345
\TU/lmr/m/n/10 volved in neuroplasticity, including BDNF. Studies suggest that 
musical training can 
 []


Underfull \hbox (badness 10000) in paragraph at lines 351--356
[]\TU/lmr/m/n/10 “Epigenetic Regulation of BDNF in the Brain: Implications for 
Cognitive 
 []


Underfull \hbox (badness 10000) in paragraph at lines 351--356
\TU/lmr/m/n/10 Function and Neuroplasticity” - This review discusses the impact
 of epige- 
 []


Underfull \hbox (badness 10000) in paragraph at lines 351--356
\TU/lmr/m/n/10 netic modifications on BDNF expression and its role in neuroplas
ticity and 
 []


Underfull \hbox (badness 10000) in paragraph at lines 356--361
[]\TU/lmr/m/n/10 “Music Training and Brain Plasticity: Evidence from Functional
 and Struc- 
 []


Underfull \hbox (badness 10000) in paragraph at lines 356--361
\TU/lmr/m/n/10 tural Neuroimaging” - This article reviews how musical training 
influences 
 []


Underfull \hbox (badness 10000) in paragraph at lines 361--366
[]\TU/lmr/m/n/10 “The Impact of Cognitive and Physical Activities on DNA Methyl
ation and 
 []


Underfull \hbox (badness 10000) in paragraph at lines 361--366
\TU/lmr/m/n/10 Cognitive Function” - This study explores how various cognitive 
activities, 
 []


Underfull \hbox (badness 10000) in paragraph at lines 366--371
[]\TU/lmr/m/n/10 “The Influence of Environmental Enrichment on Epigenetic Modif
ications: 
 []


Underfull \hbox (badness 10000) in paragraph at lines 366--371
\TU/lmr/m/n/10 Implications for Learning and Memory” - This paper discusses how
 environ- 
 []


Underfull \hbox (badness 10000) in paragraph at lines 366--371
\TU/lmr/m/n/10 mental enrichment, which includes activities like music, affects
 epigenetic 
 []


Underfull \hbox (badness 10000) in paragraph at lines 375--383
[]\TU/lmr/m/n/10 BDNF, PSD95, and Tau are crucial for neuroplasticity, influenc
ing synaptic function, 
 []


Underfull \hbox (badness 10000) in paragraph at lines 375--383
\TU/lmr/m/n/10 and neuronal structure. Their expressions are regulated by vario
us epigenetic mech- 
 []


Underfull \hbox (badness 10000) in paragraph at lines 375--383
\TU/lmr/m/n/10 anisms, including DNA methylation and histone modifications. Cog
nitive activities, 
 []


Underfull \hbox (badness 10000) in paragraph at lines 375--383
\TU/lmr/m/n/10 such as making music, have been shown to affect epigenetic regul
ation and poten- 
 []


Underfull \hbox (badness 10000) in paragraph at lines 375--383
\TU/lmr/m/n/10 tially enhance neuroplasticity. There is growing evidence suppor
ting the idea that 
 []


Underfull \hbox (badness 10000) in paragraph at lines 375--383
\TU/lmr/m/n/10 engaging in complex cognitive activities can lead to beneficial 
epigenetic changes 
 []


Underfull \hbox (badness 10000) in paragraph at lines 388--397
[]\TU/lmr/m/n/10 Study participants were recruited at Hannover Medical School, 
Dept. for Clinical 
 []


Underfull \hbox (badness 10000) in paragraph at lines 388--397
\TU/lmr/m/n/10 Psychiatry, Social Psychiatry and Psychotherapy, Division of Cli
nical Psychol- 
 []


Underfull \hbox (badness 10000) in paragraph at lines 388--397
\TU/lmr/m/n/10 ogy and Sexual Medicine and at the Geneva Musical Minds Lab, Gen
eva School 
 []


Underfull \hbox (badness 10000) in paragraph at lines 388--397
\TU/lmr/m/n/10 of Health Sciences, University of Applied Sciences and Arts West
ern Switzerland 
 []


Underfull \hbox (badness 10000) in paragraph at lines 388--397
\TU/lmr/m/n/10 (HES-SO), Geneva, Switzerland via newspaper advertisement and pl
acards at public 
 []


Underfull \hbox (badness 10000) in paragraph at lines 388--397
\TU/lmr/m/n/10 places. Demographics are given in the results in Table 1. Prereq
uisites for partic- 
 []


Underfull \hbox (badness 10000) in paragraph at lines 388--397
\TU/lmr/m/n/10 ipation in the study were an overall good health, being right-ha
nded, retired, and 
 []

[3]
Underfull \hbox (badness 10000) in paragraph at lines 400--415
[]\TU/lmr/m/n/10 The first time point was before the weekly practical piano les
sons were started (or 
 []


Underfull \hbox (badness 10000) in paragraph at lines 400--415
\TU/lmr/m/n/10 theoretical music lessons without any practical exercises in the
 control group, re- 
 []


Underfull \hbox (badness 10000) in paragraph at lines 400--415
\TU/lmr/m/n/10 spectively), the second time point was after half a year, and th
e third time point 
 []


Underfull \hbox (badness 10000) in paragraph at lines 400--415
\TU/lmr/m/n/10 was one year after the first assessment (for the long-term obser
vation of potential 
 []


Underfull \hbox (badness 10000) in paragraph at lines 400--415
\TU/lmr/m/n/10 beneficial effects of piano-lessons) for every individual partic
ipant. The time points 
 []


Underfull \hbox (badness 10000) in paragraph at lines 400--415
\TU/lmr/m/n/10 each cover a period of several months, as all the participants c
ould not be exam- 
 []


Underfull \hbox (badness 10000) in paragraph at lines 400--415
\TU/lmr/m/n/10 ined on the same day, since MRI scans were also performed as par
t of the original 
 []


Underfull \hbox (badness 10000) in paragraph at lines 400--415
\TU/lmr/m/n/10 study (T0: March to June 2019, T1: August 2019 to February 2020,
 T2: June 2020 
 []


Underfull \hbox (badness 10000) in paragraph at lines 400--415
\TU/lmr/m/n/10 to November 2020). A small subgroup of participants were recruit
ed as early as in 
 []


Underfull \hbox (badness 10000) in paragraph at lines 400--415
\TU/lmr/m/n/10 January 2019 (T0), and had their consecutive examinations in Aug
ust 2019 (T1) and 
 []


Underfull \hbox (badness 10000) in paragraph at lines 400--415
\TU/lmr/m/n/10 in the end of February/beginning of March 2020 (T2). In other wo
rds, their T2 was 
 []


Underfull \hbox (badness 10000) in paragraph at lines 400--415
\TU/lmr/m/n/10 directly before the lockdown started. Therefore, this small subg
roup was excluded 
 []


Underfull \hbox (badness 10000) in paragraph at lines 418--426
[]\TU/lmr/m/n/10 Genomic DNA (gDNA) for telomere measurements was isolated in t
he Institute of 
 []


Underfull \hbox (badness 10000) in paragraph at lines 418--426
\TU/lmr/m/n/10 Molecular and Translational Therapeutic Strategies of Hannover M
edical School 
 []


Underfull \hbox (badness 10000) in paragraph at lines 418--426
\TU/lmr/m/n/10 according to standard procedures from 50 µL blood using the DNea
sy Blood & 
 []


Underfull \hbox (badness 10000) in paragraph at lines 418--426
\TU/lmr/m/n/10 Tissue Kit (Qiagen #69506) and stored at −20 °C. DNA samples wer
e diluted in 
 []


Underfull \hbox (badness 10000) in paragraph at lines 418--426
\TU/lmr/m/n/10 96-well plates to a fixed concentration of 10 ng/µl. The blood s
amples were received 
 []


Underfull \hbox (badness 10000) in paragraph at lines 418--426
\TU/lmr/m/n/10 anonymized and prior to gDNA isolation the order of the samples 
was further ran- 
 []


Underfull \hbox (badness 10000) in paragraph at lines 430--451
[]\TU/lmr/m/n/10 To investigate the methylation status of the target genes—BDNF
, PSD95, and 
 []


Underfull \hbox (badness 10000) in paragraph at lines 430--451
\TU/lmr/m/n/10 Tau—specific regions of interest were amplified using polymerase
 chain reaction 
 []


Underfull \hbox (badness 10000) in paragraph at lines 430--451
\TU/lmr/m/n/10 (PCR) followed by Sanger sequencing. Genomic DNA (gDNA) extracte
d from blood 
 []


Underfull \hbox (badness 10000) in paragraph at lines 430--451
\TU/lmr/m/n/10 samples was bisulfite-converted using standard procedures (Kit e
rgänzen), which 
 []


Underfull \hbox (badness 10000) in paragraph at lines 430--451
\TU/lmr/m/n/10 converts unmethylated cytosines to uracils while leaving methyla
ted cytosines un- 
 []


Underfull \hbox (badness 10000) in paragraph at lines 430--451
\TU/lmr/m/n/10 changed, enabling differentiation between methylated and unmethy
lated CpG sites 
 []


Underfull \hbox (badness 10000) in paragraph at lines 430--451
\TU/lmr/m/n/10 (Frommer et al., 1992). PCR primers (Sequenz ergänzen) were desi
gned to target 
 []


Underfull \hbox (badness 10000) in paragraph at lines 430--451
\TU/lmr/m/n/10 CpG-rich regions within the promoter or regulatory regions of ea
ch gene, as these 
 []


Underfull \hbox (badness 10000) in paragraph at lines 430--451
\TU/lmr/m/n/10 regions are often key in regulating gene expression through DNA 
methylation. Am- 
 []


Underfull \hbox (badness 10000) in paragraph at lines 430--451
\TU/lmr/m/n/10 plifications were performed using high-fidelity DNA polymerases 
to minimize errors, 
 []


Underfull \hbox (badness 10000) in paragraph at lines 430--451
\TU/lmr/m/n/10 and the resulting PCR products were verified for size and integr
ity via agarose gel 
 []


Underfull \hbox (badness 10000) in paragraph at lines 430--451
\TU/lmr/m/n/10 electrophoresis (Clark et al., 1994). Once verified, the product
s were purified using 
 []


Underfull \hbox (badness 10000) in paragraph at lines 430--451
\TU/lmr/m/n/10 a standard PCR purification kit. Sanger Sequencing was then perf
ormed on the pu- 
 []


Underfull \hbox (badness 10000) in paragraph at lines 430--451
\TU/lmr/m/n/10 rified PCR products to identify the methylation patterns at indi
vidual CpG sites. 
 []


Underfull \hbox (badness 10000) in paragraph at lines 430--451
\TU/lmr/m/n/10 This method was chosen for its high accuracy in detecting methyl
ation at single- 
 []


Underfull \hbox (badness 10000) in paragraph at lines 430--451
\TU/lmr/m/n/10 nucleotide resolution (Sanger et al., 1977). Sequencing reaction
s were carried out 
 []


Underfull \hbox (badness 10000) in paragraph at lines 430--451
\TU/lmr/m/n/10 using fluorescently labeled dideoxynucleotides, and the resultin
g sequences were 
 []


Underfull \hbox (badness 10000) in paragraph at lines 455--465
[]\TU/lmr/m/n/10 CpG sites—regions of DNA where a cytosine nucleotide is follow
ed by a guanine 
 []


Underfull \hbox (badness 10000) in paragraph at lines 455--465
\TU/lmr/m/n/10 nucleotide—are often found in gene promoters and are key regulat
ors of gene expres- 
 []


Underfull \hbox (badness 10000) in paragraph at lines 455--465
\TU/lmr/m/n/10 sion. Methylation at these sites can silence gene expression, ma
king them critical 
 []


Underfull \hbox (badness 10000) in paragraph at lines 455--465
\TU/lmr/m/n/10 points of study in understanding gene regulation (Bird, 2002). F
or each of the three 
 []


Underfull \hbox (badness 10000) in paragraph at lines 455--465
\TU/lmr/m/n/10 genes (BDNF, PSD95, and Tau), multiple CpG sites were identified
 within the pro- 
 []


Underfull \hbox (badness 10000) in paragraph at lines 455--465
\TU/lmr/m/n/10 moter or other regulatory regions to assess their methylation st
atus. By examining 
 []


Underfull \hbox (badness 10000) in paragraph at lines 455--465
\TU/lmr/m/n/10 these CpG islands, we aimed to determine whether the degree of m
ethylation dif- 
 []


Underfull \vbox (badness 10000) has occurred while \output is active []

[4]
Underfull \hbox (badness 10000) in paragraph at lines 468--485
[]\TU/lmr/m/n/10 The methylation status of individual CpG sites was quantified 
using the Epigenetic 
 []


Underfull \hbox (badness 10000) in paragraph at lines 468--485
\TU/lmr/m/n/10 Sequencing Methylation Analysis software (ESME), which is specif
ically designed for 
 []


Underfull \hbox (badness 10000) in paragraph at lines 468--485
\TU/lmr/m/n/10 analyzing bisulfite sequencing data (Lewin et al., 2004). ESME p
rocesses bisulfite- 
 []


Underfull \hbox (badness 10000) in paragraph at lines 468--485
\TU/lmr/m/n/10 converted Sanger sequencing data and compares the cytosine-uraci
l conversion 
 []


Underfull \hbox (badness 10000) in paragraph at lines 468--485
\TU/lmr/m/n/10 patterns to the reference sequence to detect methylation at CpG 
sites. Specifically, 
 []


Underfull \hbox (badness 10000) in paragraph at lines 468--485
\TU/lmr/m/n/10 ESME calculates the percentage of methylation at each CpG site b
y determining the 
 []


Underfull \hbox (badness 10000) in paragraph at lines 468--485
\TU/lmr/m/n/10 ratio of methylated cytosines to total cytosines (methylated + u
nmethylated) for 
 []


Underfull \hbox (badness 10000) in paragraph at lines 468--485
\TU/lmr/m/n/10 each site. ESME allows for a high-resolution quantification of m
ethylation levels at 
 []


Underfull \hbox (badness 10000) in paragraph at lines 468--485
\TU/lmr/m/n/10 each CpG site, providing decimal values (e.g., 0.75 represents 7
5% methylation at 
 []


Underfull \hbox (badness 10000) in paragraph at lines 468--485
\TU/lmr/m/n/10 a specific CpG site). The software also corrects for any potenti
al sequencing errors 
 []


Underfull \hbox (badness 10000) in paragraph at lines 468--485
\TU/lmr/m/n/10 and can handle multiple sequencing runs to improve data accuracy
. Each (not each. 
 []


Underfull \hbox (badness 10000) in paragraph at lines 468--485
\TU/lmr/m/n/10 Depending on the quality of the measurments some were ignored. T
he dropped 
 []


Underfull \hbox (badness 10000) in paragraph at lines 468--485
\TU/lmr/m/n/10 CpGs are mentioned in the Excel-titles and listed in .txt-files)
 gene region’s methyla- 
 []


Underfull \hbox (badness 10000) in paragraph at lines 468--485
\TU/lmr/m/n/10 tion data, broken down by CpG sites, was compiled for statistica
l analysis (Lewin et 
 []


Underfull \hbox (badness 10000) in paragraph at lines 489--500
[]\TU/lmr/m/n/10 After methylation percentages were obtained from ESME, the dat
a were exported 
 []


Underfull \hbox (badness 10000) in paragraph at lines 489--500
\TU/lmr/m/n/10 to Microsoft Excel for preliminary organization and data structu
ring. In Excel, CpG 
 []


Underfull \hbox (badness 10000) in paragraph at lines 489--500
\TU/lmr/m/n/10 site-specific methylation data were aligned with participant ide
ntifiers, experimental 
 []


Underfull \hbox (badness 10000) in paragraph at lines 489--500
\TU/lmr/m/n/10 groups (piano vs. control), and time points (T0, T1, T2). Data w
ere thoroughly 
 []


Underfull \hbox (badness 10000) in paragraph at lines 489--500
\TU/lmr/m/n/10 checked for consistency, and any missing or potentially erroneou
s data points were 
 []


Underfull \hbox (badness 10000) in paragraph at lines 489--500
\TU/lmr/m/n/10 flagged for review. In this step, we created a structured datase
t for each gene, con- 
 []


Underfull \hbox (badness 10000) in paragraph at lines 489--500
\TU/lmr/m/n/10 sisting of individual participants’ methylation percentages at e
ach CpG site. The 
 []


Underfull \hbox (badness 10000) in paragraph at lines 489--500
\TU/lmr/m/n/10 Excel file was formatted to ensure seamless transfer into statis
tical software for 
 []


Underfull \hbox (badness 10000) in paragraph at lines 504--531
[]\TU/lmr/m/n/10 The structured Excel data were subsequently imported into SPSS
 for statistical 
 []


Underfull \hbox (badness 10000) in paragraph at lines 504--531
\TU/lmr/m/n/10 analysis. In SPSS, the methylation data for each gene and CpG si
te were organized 
 []


Underfull \hbox (badness 10000) in paragraph at lines 504--531
\TU/lmr/m/n/10 into a comprehensive dataset, where participants’ CpG site methy
lation values were 
 []


Underfull \hbox (badness 10000) in paragraph at lines 504--531
\TU/lmr/m/n/10 aligned with their respective experimental group (piano or contr
ol) and time points 
 []


Underfull \hbox (badness 10000) in paragraph at lines 504--531
\TU/lmr/m/n/10 (T0, T1, and T2). To analyze the effects of piano lessons on the
 methylation sta- 
 []


Underfull \hbox (badness 10000) in paragraph at lines 504--531
\TU/lmr/m/n/10 tus of the BDNF, PSD95, and Tau genes, we employed generalized l
inear models 
 []


Underfull \hbox (badness 10000) in paragraph at lines 504--531
\TU/lmr/m/n/10 (GLMs). GLMs are flexible and suitable for modeling non-normally
 distributed data, 
 []


Underfull \hbox (badness 10000) in paragraph at lines 504--531
\TU/lmr/m/n/10 allowing for the inclusion of continuous, binary, and categorica
l variables. This ap- 
 []


Underfull \hbox (badness 10000) in paragraph at lines 504--531
\TU/lmr/m/n/10 proach enabled us to examine changes in methylation levels acros
s the different time 
 []


Underfull \hbox (badness 10000) in paragraph at lines 504--531
\TU/lmr/m/n/10 points (T0, T1, T2) while controlling for potential covariates s
uch as age and base- 
 []


Underfull \hbox (badness 10000) in paragraph at lines 504--531
\TU/lmr/m/n/10 line methylation levels. In the model, time was treated as a rep
eated measure, and 
 []


Underfull \hbox (badness 10000) in paragraph at lines 504--531
\TU/lmr/m/n/10 the group (piano vs. control) was included as a fixed factor. Me
thylation percentages 
 []


Underfull \hbox (badness 10000) in paragraph at lines 504--531
\TU/lmr/m/n/10 at each CpG site (expressed as continuous variables) were the de
pendent variables. 
 []


Underfull \hbox (badness 10000) in paragraph at lines 504--531
\TU/lmr/m/n/10 We also included interaction terms to assess whether the change 
in methylation over 
 []


Underfull \hbox (badness 10000) in paragraph at lines 504--531
\TU/lmr/m/n/10 time differed between the piano and control groups. The model us
ed a logit link 
 []


Underfull \hbox (badness 10000) in paragraph at lines 504--531
\TU/lmr/m/n/10 function to handle the proportion-based methylation data, ensuri
ng the analysis 
 []


Underfull \hbox (badness 10000) in paragraph at lines 504--531
\TU/lmr/m/n/10 accurately reflected the bounded nature of the dependent variabl
e (0 to 1). Model 
 []


Underfull \hbox (badness 10000) in paragraph at lines 504--531
\TU/lmr/m/n/10 significance was assessed at p < 0.05, and Bonferroni correction
s were applied to 
 []


Underfull \hbox (badness 10000) in paragraph at lines 504--531
\TU/lmr/m/n/10 account for multiple comparisons across the different CpG sites 
and genes. Model fit 
 []


Underfull \hbox (badness 10000) in paragraph at lines 504--531
\TU/lmr/m/n/10 was evaluated using the Akaike Information Criterion (AIC) and B
ayesian Informa- 
 []


Underfull \hbox (badness 10000) in paragraph at lines 504--531
\TU/lmr/m/n/10 tion Criterion (BIC) to compare the fit of different models and 
ensure robustness in 
 []


Package longtable Warning: Column widths have changed
(longtable)                in table 1 on input line 546.

[5]
Underfull \hbox (badness 10000) in paragraph at lines 555--558
[]\TU/lmr/m/n/10 Die Gene sind allgemein eher gering methyliert (Mean < 0,08, M
edian < 0,04). 
 []


Underfull \hbox (badness 10000) in paragraph at lines 560--563
[]\TU/lmr/m/n/10 Bei Tau sind die CpGs promoterfern mehr meyhtliert - bei PSD95
 umgekehrt 
 []


Underfull \hbox (badness 10000) in paragraph at lines 571--576
[]\TU/lmr/m/n/10 Bei BDNF zeigt sich eine leichte Differenz zwischen der Kontro
llgruppe (Me- 
 []


Underfull \hbox (badness 10000) in paragraph at lines 571--576
\TU/lmr/m/n/10 dian: 0.07, Mean: 0.07326) und der Pianogruppe (Median: 0.064, M
ean: 
 []


Underfull \hbox (badness 10000) in paragraph at lines 571--576
\TU/lmr/m/n/10 0.06598), welche eine niedrigere Metyhlierung (Median: -0.006, M
ean: - 
 []


Underfull \hbox (badness 10000) in paragraph at lines 576--579
[]\TU/lmr/m/n/10 Weiterhin zeigen sich für die arithmetischen Mittel von BDNF u
nd PSD95 
 []


Underfull \hbox (badness 10000) in paragraph at lines 587--591
[]\TU/lmr/m/n/10 Bei BDNF zeigt sich, dass sich die Mittelwerte (Arithmetisch u
nd Median) 
 []


Underfull \hbox (badness 10000) in paragraph at lines 587--591
\TU/lmr/m/n/10 von T0 zu T1 leicht absenken und zu T2 wieder über das Niveau vo
n T0 
 []


Underfull \hbox (badness 10000) in paragraph at lines 591--594
[]\TU/lmr/m/n/10 Bei Tau steigt das arithmetische Mittel der Methylierung leich
t von T0 zu T1 
 []


Underfull \hbox (badness 10000) in paragraph at lines 594--597
[]\TU/lmr/m/n/10 Bei PSD95 verbleibt der Median der Methylierung gleichbleibend
 bei 0, 
 []


Underfull \hbox (badness 10000) in paragraph at lines 594--597
\TU/lmr/m/n/10 während das arithmetische Mittel der Methylierung von T0 zu T1 s
teigt aber 
 []


Underfull \hbox (badness 10000) in paragraph at lines 612--616
[]\TU/lmr/m/n/10 The study protocol was reviewed and approved by the Hannover M
edical School 
 []


Underfull \hbox (badness 10000) in paragraph at lines 612--616
\TU/lmr/m/n/10 ethics committee (approval number 3604-2017). All study particip
ants gave their 
 []


Overfull \hbox (35.21506pt too wide) in paragraph at lines 624--627
[]\TU/lmr/m/n/10 Data are available from the corresponding author upon request 
via jonas.koberschinski@mhb- 
 []


Underfull \hbox (badness 10000) in paragraph at lines 634--640
[]\TU/lmr/m/n/10 This work was funded by the Swiss National Science Foundation 
(grant no. 100019E- 
 []


Overfull \hbox (8.73503pt too wide) in paragraph at lines 634--640
\TU/lmr/m/n/10 170410 to Clara E. James) and the German Research Foundation (gr
ant no. 323965454 
 []


Underfull \hbox (badness 10000) in paragraph at lines 634--640
\TU/lmr/m/n/10 to Eckart Altenmüller). Financial support in Switzerland was als
o provided by the 
 []


Underfull \hbox (badness 10000) in paragraph at lines 634--640
\TU/lmr/m/n/10 Med. Kurt Fries Foundation, the Dalle Molle Foundation, and the 
Edith Maryon 
 []

[6]
Underfull \hbox (badness 10000) in paragraph at lines 658--660
[]\TU/lmr/m/n/10 The first author would like to thank Martin Max Schumacher for
 his expert assis- 
 []


! LaTeX Error: Something's wrong--perhaps a missing \item.

See the LaTeX manual or LaTeX Companion for explanation.
Type  H <return>  for immediate help.
 ...                                              
                                                  
l.668 \end{CSLReferences}
                          
Here is how much of TeX's memory you used:
 21852 strings out of 474773
 400165 string characters out of 5757723
 1941839 words of memory out of 5000000
 43687 multiletter control sequences out of 15000+600000
 563888 words of font info for 86 fonts, out of 8000000 for 9000
 1354 hyphenation exceptions out of 8191
 98i,8n,121p,1002b,544s stack positions out of 10000i,1000n,20000p,200000b,200000s

Output written on index.pdf (6 pages).
